2022-11-03 00:39:01 CPU_USAGE: .8%

PID [64082] INFO
######################################################################################
  PID   USER      PR  NI    VIRT    RES    SHR S  %CPU  %MEM     TIME+ COMMAND
  64082 ozline    20   0   17928   8568   5596 S   0.0   0.1   1:37.71 sshd
######################################################################################
  PID   USER      PR  NI    VIRT    RES    SHR S  %CPU  %MEM     TIME+ COMMAND
  64082 ozline    20   0   17928   8568   5596 S   0.0   0.1   1:37.71 sshd
######################################################################################



PID [44111] INFO
######################################################################################
  PID   USER      PR  NI    VIRT    RES    SHR S  %CPU  %MEM     TIME+ COMMAND
  44111 ozline    20   0 6013352 371092 165396 S   0.0   2.3   2:29.96 gnome-shell
######################################################################################
  PID   USER      PR  NI    VIRT    RES    SHR S  %CPU  %MEM     TIME+ COMMAND
  44111 ozline    20   0 6013352 371092 165396 S   0.0   2.3   2:21.04 gnome-shell
  44121 ozline    20   0 6013352 371092 165396 S   0.0   2.3   0:00.48 gmain
  44123 ozline    20   0 6013352 371092 165396 S   0.0   2.3   0:03.20 gdbus
  44124 ozline    20   0 6013352 371092 165396 S   0.0   2.3   0:00.00 dconf worker
  44125 ozline    20   0 6013352 371092 165396 S   0.0   2.3   0:02.23 gnome-she:rcs0
  44126 ozline    39  19 6013352 371092 165396 S   0.0   2.3   0:00.00 gnome-s:disk$0
  44127 ozline    20   0 6013352 371092 165396 S   0.0   2.3   0:00.00 gnome-shel:sh0
  44128 ozline    20   0 6013352 371092 165396 S   0.0   2.3   0:00.00 gnome-shel:sh1
  44129 ozline    20   0 6013352 371092 165396 S   0.0   2.3   0:00.00 gnome-shel:sh2
  44130 ozline    20   0 6013352 371092 165396 S   0.0   2.3   0:00.00 gnome-shel:sh3
  44131 ozline    20   0 6013352 371092 165396 S   0.0   2.3   0:00.00 gnome-shel:sh4
  44132 ozline    20   0 6013352 371092 165396 S   0.0   2.3   0:00.00 gnome-shel:sh5
  44133 ozline    39  19 6013352 371092 165396 S   0.0   2.3   0:00.01 gnome-sh:shlo0
  44134 ozline    39  19 6013352 371092 165396 S   0.0   2.3   0:00.01 gnome-sh:shlo1
  44135 ozline    39  19 6013352 371092 165396 S   0.0   2.3   0:00.05 gnome-sh:shlo2
  44136 ozline    39  19 6013352 371092 165396 S   0.0   2.3   0:00.07 gnome-sh:shlo3
  44138 ozline    20   0 6013352 371092 165396 S   0.0   2.3   0:00.00 gnome-sh:gdrv0
  44140 ozline    20   0 6013352 371092 165396 S   0.0   2.3   0:00.02 gnome-sh:gdrv0
  44141 ozline    20   0 6013352 371092 165396 S   0.0   2.3   0:01.05 gnome-shell
  44144 ozline    20   0 6013352 371092 165396 S   0.0   2.3   0:00.14 JS Helper
  44145 ozline    20   0 6013352 371092 165396 S   0.0   2.3   0:00.15 JS Helper
  44146 ozline    20   0 6013352 371092 165396 S   0.0   2.3   0:00.14 JS Helper
  44147 ozline    20   0 6013352 371092 165396 S   0.0   2.3   0:00.14 JS Helper
  44148 ozline    20   0 6013352 371092 165396 S   0.0   2.3   0:00.13 JS Helper
  44149 ozline    20   0 6013352 371092 165396 S   0.0   2.3   0:00.13 JS Helper
  44150 ozline    20   0 6013352 371092 165396 S   0.0   2.3   0:00.17 JS Helper
  44151 ozline    20   0 6013352 371092 165396 S   0.0   2.3   0:00.17 JS Helper
  44659 ozline    20   0 6013352 371092 165396 S   0.0   2.3   0:00.00 threaded-ml
  47246 ozline    20   0 6013352 371092 165396 S   0.0   2.3   0:00.00 threaded-ml
######################################################################################



PID [64923] INFO
######################################################################################
  PID   USER      PR  NI    VIRT    RES    SHR S  %CPU  %MEM     TIME+ COMMAND
  64923 ozline    20   0   16364   4076   3352 S   0.0   0.0   0:43.62 top
######################################################################################
  PID   USER      PR  NI    VIRT    RES    SHR S  %CPU  %MEM     TIME+ COMMAND
  64923 ozline    20   0   16364   4076   3352 S   0.0   0.0   0:43.62 top
######################################################################################



